2018-02-06 10:07:21,913 [Worker-10] INFO  o.e.m.c.i.l.LifecycleMappingFactory - Using DEFAULT lifecycle mapping for MavenProject: org.xtext.example.myatl:org.xtext.example.myatl:1.0.0-SNAPSHOT @ C:\Users\claudio\workspace\myAtlProject\org.xtext.example.myatl.parent\org.xtext.example.myatl\pom.xml.
2018-02-06 10:07:24,033 [Worker-4] INFO  o.e.m.c.i.l.LifecycleMappingFactory - Using DEFAULT lifecycle mapping for MavenProject: org.xtext.example.myatl:org.xtext.example.myatl:1.0.0-SNAPSHOT @ C:\Users\claudio\workspace\myAtlProject\org.xtext.example.myatl.parent\org.xtext.example.myatl\pom.xml.
2018-02-06 10:07:24,138 [Worker-4] INFO  o.e.m.c.i.l.LifecycleMappingFactory - Using DEFAULT lifecycle mapping for MavenProject: org.xtext.example.myatl:org.xtext.example.myatl.ide:1.0.0-SNAPSHOT @ C:\Users\claudio\workspace\myAtlProject\org.xtext.example.myatl.parent\org.xtext.example.myatl.ide\pom.xml.
2018-02-06 10:07:24,144 [Worker-4] INFO  o.e.m.c.i.l.LifecycleMappingFactory - Using NULL lifecycle mapping for MavenProject: org.xtext.example.myatl:org.xtext.example.myatl.parent:1.0.0-SNAPSHOT @ C:\Users\claudio\workspace\myAtlProject\org.xtext.example.myatl.parent\pom.xml.
2018-02-06 10:07:24,248 [Worker-4] INFO  o.e.m.c.i.l.LifecycleMappingFactory - Using DEFAULT lifecycle mapping for MavenProject: org.xtext.example.myatl:org.xtext.example.myatl.ui:1.0.0-SNAPSHOT @ C:\Users\claudio\workspace\myAtlProject\org.xtext.example.myatl.parent\org.xtext.example.myatl.ui\pom.xml.
2018-02-06 10:07:28,031 [Worker-4] INFO  o.e.m.c.i.l.LifecycleMappingFactory - Using org.maven.ide.eclipse.wtp.WarLifecycleMapping lifecycle mapping for MavenProject: org.xtext.example.myatl:org.xtext.example.myatl.web:1.0.0-SNAPSHOT @ C:\Users\claudio\workspace\myAtlProject\org.xtext.example.myatl.parent\org.xtext.example.myatl.web\pom.xml.
2018-02-06 10:07:28,771 [Worker-10] INFO  o.e.m.c.i.l.LifecycleMappingFactory - Using DEFAULT lifecycle mapping for MavenProject: org.xtext.example.myatl:org.xtext.example.myatl.ide:1.0.0-SNAPSHOT @ C:\Users\claudio\workspace\myAtlProject\org.xtext.example.myatl.parent\org.xtext.example.myatl.ide\pom.xml.
2018-02-06 10:07:29,660 [Worker-10] INFO  o.e.m.c.i.l.LifecycleMappingFactory - Using NULL lifecycle mapping for MavenProject: org.xtext.example.myatl:org.xtext.example.myatl.parent:1.0.0-SNAPSHOT @ C:\Users\claudio\workspace\myAtlProject\org.xtext.example.myatl.parent\pom.xml.
2018-02-06 10:07:29,774 [Worker-10] INFO  o.e.m.c.i.l.LifecycleMappingFactory - Using DEFAULT lifecycle mapping for MavenProject: org.xtext.example.myatl:org.xtext.example.myatl:1.0.0-SNAPSHOT @ C:\Users\claudio\workspace\myAtlProject\org.xtext.example.myatl.parent\org.xtext.example.myatl\pom.xml.
2018-02-06 10:07:29,890 [Worker-10] INFO  o.e.m.c.i.l.LifecycleMappingFactory - Using DEFAULT lifecycle mapping for MavenProject: org.xtext.example.myatl:org.xtext.example.myatl.ide:1.0.0-SNAPSHOT @ C:\Users\claudio\workspace\myAtlProject\org.xtext.example.myatl.parent\org.xtext.example.myatl.ide\pom.xml.
2018-02-06 10:07:33,257 [Worker-10] INFO  o.e.m.c.i.l.LifecycleMappingFactory - Using DEFAULT lifecycle mapping for MavenProject: org.xtext.example.myatl:org.xtext.example.myatl.target:1.0.0-SNAPSHOT @ C:\Users\claudio\workspace\myAtlProject\org.xtext.example.myatl.parent\org.xtext.example.myatl.target\pom.xml.
2018-02-06 10:07:34,437 [Worker-10] INFO  o.e.m.c.i.l.LifecycleMappingFactory - Using DEFAULT lifecycle mapping for MavenProject: org.xtext.example.myatl:org.xtext.example.myatl.tests:1.0.0-SNAPSHOT @ C:\Users\claudio\workspace\myAtlProject\org.xtext.example.myatl.parent\org.xtext.example.myatl.tests\pom.xml.
2018-02-06 10:07:35,626 [Worker-10] INFO  o.e.m.c.i.l.LifecycleMappingFactory - Using DEFAULT lifecycle mapping for MavenProject: org.xtext.example.myatl:org.xtext.example.myatl.ui:1.0.0-SNAPSHOT @ C:\Users\claudio\workspace\myAtlProject\org.xtext.example.myatl.parent\org.xtext.example.myatl.ui\pom.xml.
2018-02-06 10:07:38,297 [Worker-7] INFO  o.e.m.c.i.l.LifecycleMappingFactory - Using DEFAULT lifecycle mapping for MavenProject: org.xtext.example.myatl:org.xtext.example.myatl:1.0.0-SNAPSHOT @ C:\Users\claudio\workspace\myAtlProject\org.xtext.example.myatl.parent\org.xtext.example.myatl\pom.xml.
2018-02-06 10:07:38,503 [Worker-7] INFO  o.e.m.c.i.l.LifecycleMappingFactory - Using DEFAULT lifecycle mapping for MavenProject: org.xtext.example.myatl:org.xtext.example.myatl.ide:1.0.0-SNAPSHOT @ C:\Users\claudio\workspace\myAtlProject\org.xtext.example.myatl.parent\org.xtext.example.myatl.ide\pom.xml.
2018-02-06 10:07:38,507 [Worker-7] INFO  o.e.m.c.i.l.LifecycleMappingFactory - Using NULL lifecycle mapping for MavenProject: org.xtext.example.myatl:org.xtext.example.myatl.parent:1.0.0-SNAPSHOT @ C:\Users\claudio\workspace\myAtlProject\org.xtext.example.myatl.parent\pom.xml.
2018-02-06 10:07:38,587 [Worker-7] INFO  o.e.m.c.i.l.LifecycleMappingFactory - Using DEFAULT lifecycle mapping for MavenProject: org.xtext.example.myatl:org.xtext.example.myatl.ui:1.0.0-SNAPSHOT @ C:\Users\claudio\workspace\myAtlProject\org.xtext.example.myatl.parent\org.xtext.example.myatl.ui\pom.xml.
2018-02-06 10:07:38,690 [Worker-7] INFO  o.e.m.c.i.l.LifecycleMappingFactory - Using org.maven.ide.eclipse.wtp.WarLifecycleMapping lifecycle mapping for MavenProject: org.xtext.example.myatl:org.xtext.example.myatl.web:1.0.0-SNAPSHOT @ C:\Users\claudio\workspace\myAtlProject\org.xtext.example.myatl.parent\org.xtext.example.myatl.web\pom.xml.
2018-02-06 10:07:39,206 [Worker-10] INFO  o.e.m.c.i.l.LifecycleMappingFactory - Using DEFAULT lifecycle mapping for MavenProject: org.xtext.example.myatl:org.xtext.example.myatl.ui.tests:1.0.0-SNAPSHOT @ C:\Users\claudio\workspace\myAtlProject\org.xtext.example.myatl.parent\org.xtext.example.myatl.ui.tests\pom.xml.
2018-02-06 10:07:39,565 [Worker-10] INFO  o.e.m.c.i.l.LifecycleMappingFactory - Using org.maven.ide.eclipse.wtp.WarLifecycleMapping lifecycle mapping for MavenProject: org.xtext.example.myatl:org.xtext.example.myatl.web:1.0.0-SNAPSHOT @ C:\Users\claudio\workspace\myAtlProject\org.xtext.example.myatl.parent\org.xtext.example.myatl.web\pom.xml.
2018-02-06 10:07:47,054 [Worker-11] INFO  o.e.m.c.i.l.LifecycleMappingFactory - Using DEFAULT lifecycle mapping for MavenProject: org.xtext.example.myatl:org.xtext.example.myatl:1.0.0-SNAPSHOT @ C:\Users\claudio\workspace\myAtlProject\org.xtext.example.myatl.parent\org.xtext.example.myatl\pom.xml.
2018-02-06 10:07:47,240 [Worker-11] INFO  o.e.m.c.i.l.LifecycleMappingFactory - Using DEFAULT lifecycle mapping for MavenProject: org.xtext.example.myatl:org.xtext.example.myatl.ide:1.0.0-SNAPSHOT @ C:\Users\claudio\workspace\myAtlProject\org.xtext.example.myatl.parent\org.xtext.example.myatl.ide\pom.xml.
2018-02-06 10:07:47,248 [Worker-11] INFO  o.e.m.c.i.l.LifecycleMappingFactory - Using NULL lifecycle mapping for MavenProject: org.xtext.example.myatl:org.xtext.example.myatl.parent:1.0.0-SNAPSHOT @ C:\Users\claudio\workspace\myAtlProject\org.xtext.example.myatl.parent\pom.xml.
2018-02-06 10:07:47,379 [Worker-11] INFO  o.e.m.c.i.l.LifecycleMappingFactory - Using DEFAULT lifecycle mapping for MavenProject: org.xtext.example.myatl:org.xtext.example.myatl.ui:1.0.0-SNAPSHOT @ C:\Users\claudio\workspace\myAtlProject\org.xtext.example.myatl.parent\org.xtext.example.myatl.ui\pom.xml.
2018-02-06 10:07:47,914 [Worker-11] INFO  o.e.m.c.i.l.LifecycleMappingFactory - Using org.maven.ide.eclipse.wtp.WarLifecycleMapping lifecycle mapping for MavenProject: org.xtext.example.myatl:org.xtext.example.myatl.web:1.0.0-SNAPSHOT @ C:\Users\claudio\workspace\myAtlProject\org.xtext.example.myatl.parent\org.xtext.example.myatl.web\pom.xml.
2018-02-06 10:07:48,313 [Worker-11] INFO  o.e.m.c.i.l.LifecycleMappingFactory - Using DEFAULT lifecycle mapping for MavenProject: org.xtext.example.myatl:org.xtext.example.myatl.target:1.0.0-SNAPSHOT @ C:\Users\claudio\workspace\myAtlProject\org.xtext.example.myatl.parent\org.xtext.example.myatl.target\pom.xml.
2018-02-06 10:07:48,387 [Worker-11] INFO  o.e.m.c.i.l.LifecycleMappingFactory - Using DEFAULT lifecycle mapping for MavenProject: org.xtext.example.myatl:org.xtext.example.myatl.tests:1.0.0-SNAPSHOT @ C:\Users\claudio\workspace\myAtlProject\org.xtext.example.myatl.parent\org.xtext.example.myatl.tests\pom.xml.
2018-02-06 10:07:48,453 [Worker-11] INFO  o.e.m.c.i.l.LifecycleMappingFactory - Using DEFAULT lifecycle mapping for MavenProject: org.xtext.example.myatl:org.xtext.example.myatl.ui.tests:1.0.0-SNAPSHOT @ C:\Users\claudio\workspace\myAtlProject\org.xtext.example.myatl.parent\org.xtext.example.myatl.ui.tests\pom.xml.
2018-02-06 10:10:08,471 [Worker-7] INFO  o.e.m.c.i.p.ProjectConfigurationManager - Update started
2018-02-06 10:10:09,846 [Worker-7] INFO  o.e.m.c.i.l.LifecycleMappingFactory - Using NULL lifecycle mapping for MavenProject: org.xtext.example.myatl:org.xtext.example.myatl.parent:1.0.0-SNAPSHOT @ C:\Users\claudio\workspace\myAtlProject\org.xtext.example.myatl.parent\pom.xml.
2018-02-06 10:10:09,938 [Worker-7] INFO  o.e.m.c.i.l.LifecycleMappingFactory - Using DEFAULT lifecycle mapping for MavenProject: org.xtext.example.myatl:org.xtext.example.myatl:1.0.0-SNAPSHOT @ C:\Users\claudio\workspace\myAtlProject\org.xtext.example.myatl.parent\org.xtext.example.myatl\pom.xml.
2018-02-06 10:10:10,013 [Worker-7] INFO  o.e.m.c.i.l.LifecycleMappingFactory - Using DEFAULT lifecycle mapping for MavenProject: org.xtext.example.myatl:org.xtext.example.myatl.ide:1.0.0-SNAPSHOT @ C:\Users\claudio\workspace\myAtlProject\org.xtext.example.myatl.parent\org.xtext.example.myatl.ide\pom.xml.
2018-02-06 10:10:10,044 [Worker-7] INFO  o.e.m.c.i.l.LifecycleMappingFactory - Using DEFAULT lifecycle mapping for MavenProject: org.xtext.example.myatl:org.xtext.example.myatl.target:1.0.0-SNAPSHOT @ C:\Users\claudio\workspace\myAtlProject\org.xtext.example.myatl.parent\org.xtext.example.myatl.target\pom.xml.
2018-02-06 10:10:10,121 [Worker-7] INFO  o.e.m.c.i.l.LifecycleMappingFactory - Using DEFAULT lifecycle mapping for MavenProject: org.xtext.example.myatl:org.xtext.example.myatl.tests:1.0.0-SNAPSHOT @ C:\Users\claudio\workspace\myAtlProject\org.xtext.example.myatl.parent\org.xtext.example.myatl.tests\pom.xml.
2018-02-06 10:10:10,192 [Worker-7] INFO  o.e.m.c.i.l.LifecycleMappingFactory - Using DEFAULT lifecycle mapping for MavenProject: org.xtext.example.myatl:org.xtext.example.myatl.ui:1.0.0-SNAPSHOT @ C:\Users\claudio\workspace\myAtlProject\org.xtext.example.myatl.parent\org.xtext.example.myatl.ui\pom.xml.
2018-02-06 10:10:10,269 [Worker-7] INFO  o.e.m.c.i.l.LifecycleMappingFactory - Using DEFAULT lifecycle mapping for MavenProject: org.xtext.example.myatl:org.xtext.example.myatl.ui.tests:1.0.0-SNAPSHOT @ C:\Users\claudio\workspace\myAtlProject\org.xtext.example.myatl.parent\org.xtext.example.myatl.ui.tests\pom.xml.
2018-02-06 10:10:10,795 [Worker-7] INFO  o.e.m.c.i.l.LifecycleMappingFactory - Using org.maven.ide.eclipse.wtp.WarLifecycleMapping lifecycle mapping for MavenProject: org.xtext.example.myatl:org.xtext.example.myatl.web:1.0.0-SNAPSHOT @ C:\Users\claudio\workspace\myAtlProject\org.xtext.example.myatl.parent\org.xtext.example.myatl.web\pom.xml.
2018-02-06 10:10:14,767 [Worker-7] INFO  o.e.m.j.i.AbstractJavaProjectConfigurator - Adding source folder /org.xtext.example.myatl.web/src
2018-02-06 10:10:14,768 [Worker-7] INFO  o.e.m.j.i.AbstractJavaProjectConfigurator - Resources folder /org.xtext.example.myatl.web/src overlaps with sources folder /org.xtext.example.myatl.web/src
2018-02-06 10:10:14,769 [Worker-7] INFO  o.e.m.j.i.AbstractJavaProjectConfigurator - Not adding source folder /org.xtext.example.myatl.web/src/test/java because it overlaps with /org.xtext.example.myatl.web/src
2018-02-06 10:10:22,792 [Worker-7] INFO  o.e.m.w.i.f.ResourceFilteringBuildParticipant - Cleaning filtered folder for org.xtext.example.myatl.web
2018-02-06 10:10:22,803 [Worker-7] INFO  o.e.m.c.i.p.ProjectConfigurationManager - Update completed: 14 sec
2018-02-06 10:10:39,956 [Worker-18] INFO  o.e.m.w.i.f.ResourceFilteringBuildParticipant - Changed resources require a complete clean of filtered resources of org.xtext.example.myatl.web
2018-02-06 10:10:39,958 [Worker-18] INFO  o.e.m.w.i.f.ResourceFilteringBuildParticipant - Executing resource filtering for org.xtext.example.myatl.web
2018-02-06 10:10:39,963 [Worker-18] WARN  o.e.m.c.i.embedder.EclipseLogger - The POM for org.eclipse.jetty:jetty-maven-plugin:jar:9.2.13.v20150730 is missing, no dependency information available
2018-02-06 10:10:39,981 [Worker-18] WARN  o.e.m.c.i.embedder.EclipseLogger - Failed to retrieve plugin descriptor for org.eclipse.jetty:jetty-maven-plugin:9.2.13.v20150730: Plugin org.eclipse.jetty:jetty-maven-plugin:9.2.13.v20150730 or one of its dependencies could not be resolved: Cannot access central (https://repo.maven.apache.org/maven2) in offline mode and the artifact org.eclipse.jetty:jetty-maven-plugin:jar:9.2.13.v20150730 has not been downloaded from it before.
2018-02-06 10:10:40,105 [Worker-18] WARN  o.e.m.c.i.embedder.EclipseLogger - The POM for org.eclipse.jetty:jetty-maven-plugin:jar:9.2.13.v20150730 is missing, no dependency information available
2018-02-06 10:10:40,106 [Worker-18] WARN  o.e.m.c.i.embedder.EclipseLogger - Failed to retrieve plugin descriptor for org.eclipse.jetty:jetty-maven-plugin:9.2.13.v20150730: Plugin org.eclipse.jetty:jetty-maven-plugin:9.2.13.v20150730 or one of its dependencies could not be resolved: Cannot access central (https://repo.maven.apache.org/maven2) in offline mode and the artifact org.eclipse.jetty:jetty-maven-plugin:jar:9.2.13.v20150730 has not been downloaded from it before.
2018-02-06 10:10:40,191 [Worker-18] INFO  o.e.m.c.i.embedder.EclipseLogger - Using 'windows-1252' encoding to copy filtered resources.
2018-02-06 18:05:22,482 [Worker-11] INFO  o.e.m.c.i.l.LifecycleMappingFactory - Using org.maven.ide.eclipse.wtp.WarLifecycleMapping lifecycle mapping for MavenProject: org.xtext.example.myatl:org.xtext.example.myatl.web:1.0.0-SNAPSHOT @ C:\Users\claudio\workspace\myAtlProject\org.xtext.example.myatl.parent\org.xtext.example.myatl.web\pom.xml.
2018-02-06 18:05:23,226 [Worker-11] INFO  o.e.m.c.i.l.LifecycleMappingFactory - Using DEFAULT lifecycle mapping for MavenProject: org.xtext.example.myatl:org.xtext.example.myatl.ide:1.0.0-SNAPSHOT @ C:\Users\claudio\workspace\myAtlProject\org.xtext.example.myatl.parent\org.xtext.example.myatl.ide\pom.xml.
2018-02-06 18:05:23,357 [Worker-11] INFO  o.e.m.c.i.l.LifecycleMappingFactory - Using DEFAULT lifecycle mapping for MavenProject: org.xtext.example.myatl:org.xtext.example.myatl:1.0.0-SNAPSHOT @ C:\Users\claudio\workspace\myAtlProject\org.xtext.example.myatl.parent\org.xtext.example.myatl\pom.xml.
2018-02-07 17:59:06,710 [Worker-15] INFO  o.e.m.c.i.p.ProjectConfigurationManager - Update started
2018-02-07 17:59:09,772 [Worker-15] INFO  o.e.m.c.i.l.LifecycleMappingFactory - Using DEFAULT lifecycle mapping for MavenProject: org.xtext.example.myatl:org.xtext.example.myatl:1.0.0-SNAPSHOT @ C:\Users\claudio\workspace\myAtlProject\org.xtext.example.myatl.parent\org.xtext.example.myatl\pom.xml.
2018-02-07 17:59:09,867 [Worker-15] INFO  o.e.m.c.i.l.LifecycleMappingFactory - Using DEFAULT lifecycle mapping for MavenProject: org.xtext.example.myatl:org.xtext.example.myatl.ide:1.0.0-SNAPSHOT @ C:\Users\claudio\workspace\myAtlProject\org.xtext.example.myatl.parent\org.xtext.example.myatl.ide\pom.xml.
2018-02-07 17:59:19,035 [Worker-15] INFO  o.e.m.c.i.p.ProjectConfigurationManager - Update completed: 12 sec
2018-02-07 18:30:07,913 [Worker-6] INFO  o.e.m.c.i.l.LifecycleMappingFactory - Using org.maven.ide.eclipse.wtp.WarLifecycleMapping lifecycle mapping for MavenProject: org.xtext.example.myatl:org.xtext.example.myatl.web:1.0.0-SNAPSHOT @ C:\Users\claudio\workspace\myAtlProject\org.xtext.example.myatl.parent\org.xtext.example.myatl.web\pom.xml.
2018-02-07 18:30:11,494 [Worker-6] INFO  o.e.m.w.i.f.ResourceFilteringBuildParticipant - Changed resources require a complete clean of filtered resources of org.xtext.example.myatl.web
2018-02-07 18:30:11,495 [Worker-6] INFO  o.e.m.w.i.f.ResourceFilteringBuildParticipant - Executing resource filtering for org.xtext.example.myatl.web
2018-02-07 18:30:11,502 [Worker-6] WARN  o.e.m.c.i.embedder.EclipseLogger - The POM for org.eclipse.jetty:jetty-maven-plugin:jar:9.2.13.v20150730 is missing, no dependency information available
2018-02-07 18:30:11,521 [Worker-6] WARN  o.e.m.c.i.embedder.EclipseLogger - Failed to retrieve plugin descriptor for org.eclipse.jetty:jetty-maven-plugin:9.2.13.v20150730: Plugin org.eclipse.jetty:jetty-maven-plugin:9.2.13.v20150730 or one of its dependencies could not be resolved: Cannot access central (https://repo.maven.apache.org/maven2) in offline mode and the artifact org.eclipse.jetty:jetty-maven-plugin:jar:9.2.13.v20150730 has not been downloaded from it before.
2018-02-07 18:30:11,703 [Worker-6] WARN  o.e.m.c.i.embedder.EclipseLogger - The POM for org.eclipse.jetty:jetty-maven-plugin:jar:9.2.13.v20150730 is missing, no dependency information available
2018-02-07 18:30:11,705 [Worker-6] WARN  o.e.m.c.i.embedder.EclipseLogger - Failed to retrieve plugin descriptor for org.eclipse.jetty:jetty-maven-plugin:9.2.13.v20150730: Plugin org.eclipse.jetty:jetty-maven-plugin:9.2.13.v20150730 or one of its dependencies could not be resolved: Cannot access central (https://repo.maven.apache.org/maven2) in offline mode and the artifact org.eclipse.jetty:jetty-maven-plugin:jar:9.2.13.v20150730 has not been downloaded from it before.
2018-02-07 18:30:12,122 [Worker-6] INFO  o.e.m.c.i.embedder.EclipseLogger - Using 'windows-1252' encoding to copy filtered resources.
2018-02-08 15:40:17,783 [Worker-10] INFO  o.e.m.c.i.l.LifecycleMappingFactory - Using NULL lifecycle mapping for MavenProject: org.xtext.example.myatl:org.xtext.example.myatl.parent:1.0.0-SNAPSHOT @ C:\Users\claudio\workspace\myAtlProject\org.xtext.example.myatl.parent\pom.xml.
2018-02-08 15:40:18,925 [Worker-10] INFO  o.e.m.c.i.l.LifecycleMappingFactory - Using DEFAULT lifecycle mapping for MavenProject: org.xtext.example.myatl:org.xtext.example.myatl:1.0.0-SNAPSHOT @ C:\Users\claudio\workspace\myAtlProject\org.xtext.example.myatl.parent\org.xtext.example.myatl\pom.xml.
2018-02-08 15:40:19,048 [Worker-10] INFO  o.e.m.c.i.l.LifecycleMappingFactory - Using DEFAULT lifecycle mapping for MavenProject: org.xtext.example.myatl:org.xtext.example.myatl.ide:1.0.0-SNAPSHOT @ C:\Users\claudio\workspace\myAtlProject\org.xtext.example.myatl.parent\org.xtext.example.myatl.ide\pom.xml.
2018-02-08 15:40:22,281 [Worker-10] INFO  o.e.m.c.i.l.LifecycleMappingFactory - Using org.maven.ide.eclipse.wtp.WarLifecycleMapping lifecycle mapping for MavenProject: org.xtext.example.myatl:org.xtext.example.myatl.web:1.0.0-SNAPSHOT @ C:\Users\claudio\workspace\myAtlProject\org.xtext.example.myatl.parent\org.xtext.example.myatl.web\pom.xml.
2018-02-08 15:40:22,651 [Worker-16] INFO  o.e.m.c.i.l.LifecycleMappingFactory - Using NULL lifecycle mapping for MavenProject: org.xtext.example.myatl:org.xtext.example.myatl.parent:1.0.0-SNAPSHOT @ C:\Users\claudio\workspace\myAtlProject\org.xtext.example.myatl.parent\pom.xml.
2018-02-08 15:40:22,879 [Worker-16] INFO  o.e.m.c.i.l.LifecycleMappingFactory - Using DEFAULT lifecycle mapping for MavenProject: org.xtext.example.myatl:org.xtext.example.myatl:1.0.0-SNAPSHOT @ C:\Users\claudio\workspace\myAtlProject\org.xtext.example.myatl.parent\org.xtext.example.myatl\pom.xml.
2018-02-08 15:40:23,028 [Worker-16] INFO  o.e.m.c.i.l.LifecycleMappingFactory - Using DEFAULT lifecycle mapping for MavenProject: org.xtext.example.myatl:org.xtext.example.myatl.ide:1.0.0-SNAPSHOT @ C:\Users\claudio\workspace\myAtlProject\org.xtext.example.myatl.parent\org.xtext.example.myatl.ide\pom.xml.
2018-02-08 15:40:23,734 [Worker-16] INFO  o.e.m.c.i.l.LifecycleMappingFactory - Using org.maven.ide.eclipse.wtp.WarLifecycleMapping lifecycle mapping for MavenProject: org.xtext.example.myatl:org.xtext.example.myatl.web:1.0.0-SNAPSHOT @ C:\Users\claudio\workspace\myAtlProject\org.xtext.example.myatl.parent\org.xtext.example.myatl.web\pom.xml.
2018-02-08 15:40:28,588 [Worker-14] INFO  o.e.m.c.i.l.LifecycleMappingFactory - Using NULL lifecycle mapping for MavenProject: org.xtext.example.myatl:org.xtext.example.myatl.parent:1.0.0-SNAPSHOT @ C:\Users\claudio\workspace\myAtlProject\org.xtext.example.myatl.parent\pom.xml.
2018-02-08 15:40:29,132 [Worker-14] INFO  o.e.m.c.i.l.LifecycleMappingFactory - Using org.maven.ide.eclipse.wtp.WarLifecycleMapping lifecycle mapping for MavenProject: org.xtext.example.myatl:org.xtext.example.myatl.web:1.0.0-SNAPSHOT @ C:\Users\claudio\workspace\myAtlProject\org.xtext.example.myatl.parent\org.xtext.example.myatl.web\pom.xml.
2018-02-08 15:40:29,658 [Worker-12] INFO  o.e.m.c.i.l.LifecycleMappingFactory - Using DEFAULT lifecycle mapping for MavenProject: org.xtext.example.myatl:org.xtext.example.myatl.tests:1.0.0-SNAPSHOT @ C:\Users\claudio\workspace\myAtlProject\org.xtext.example.myatl.parent\org.xtext.example.myatl.tests\pom.xml.
2018-02-08 15:40:32,795 [Worker-13] INFO  o.e.m.c.i.l.LifecycleMappingFactory - Using NULL lifecycle mapping for MavenProject: org.xtext.example.myatl:org.xtext.example.myatl.parent:1.0.0-SNAPSHOT @ C:\Users\claudio\workspace\myAtlProject\org.xtext.example.myatl.parent\pom.xml.
2018-02-08 15:40:33,503 [Worker-13] INFO  o.e.m.c.i.l.LifecycleMappingFactory - Using org.maven.ide.eclipse.wtp.WarLifecycleMapping lifecycle mapping for MavenProject: org.xtext.example.myatl:org.xtext.example.myatl.web:1.0.0-SNAPSHOT @ C:\Users\claudio\workspace\myAtlProject\org.xtext.example.myatl.parent\org.xtext.example.myatl.web\pom.xml.
2018-02-08 15:40:34,178 [Worker-13] INFO  o.e.m.c.i.l.LifecycleMappingFactory - Using DEFAULT lifecycle mapping for MavenProject: org.xtext.example.myatl:org.xtext.example.myatl.ide:1.0.0-SNAPSHOT @ C:\Users\claudio\workspace\myAtlProject\org.xtext.example.myatl.parent\org.xtext.example.myatl.ide\pom.xml.
2018-02-08 15:40:34,312 [Worker-13] INFO  o.e.m.c.i.l.LifecycleMappingFactory - Using DEFAULT lifecycle mapping for MavenProject: org.xtext.example.myatl:org.xtext.example.myatl:1.0.0-SNAPSHOT @ C:\Users\claudio\workspace\myAtlProject\org.xtext.example.myatl.parent\org.xtext.example.myatl\pom.xml.
2018-02-08 15:40:34,479 [Worker-13] INFO  o.e.m.c.i.l.LifecycleMappingFactory - Using DEFAULT lifecycle mapping for MavenProject: org.xtext.example.myatl:org.xtext.example.myatl.tests:1.0.0-SNAPSHOT @ C:\Users\claudio\workspace\myAtlProject\org.xtext.example.myatl.parent\org.xtext.example.myatl.tests\pom.xml.
2018-02-08 15:40:34,648 [Worker-13] INFO  o.e.m.c.i.l.LifecycleMappingFactory - Using DEFAULT lifecycle mapping for MavenProject: org.xtext.example.myatl:org.xtext.example.myatl.target:1.0.0-SNAPSHOT @ C:\Users\claudio\workspace\myAtlProject\org.xtext.example.myatl.parent\org.xtext.example.myatl.target\pom.xml.
2018-02-08 15:40:34,827 [Worker-13] INFO  o.e.m.c.i.l.LifecycleMappingFactory - Using DEFAULT lifecycle mapping for MavenProject: org.xtext.example.myatl:org.xtext.example.myatl.tests:1.0.0-SNAPSHOT @ C:\Users\claudio\workspace\myAtlProject\org.xtext.example.myatl.parent\org.xtext.example.myatl.tests\pom.xml.
2018-02-08 15:40:35,078 [Worker-13] INFO  o.e.m.c.i.l.LifecycleMappingFactory - Using DEFAULT lifecycle mapping for MavenProject: org.xtext.example.myatl:org.xtext.example.myatl.ui:1.0.0-SNAPSHOT @ C:\Users\claudio\workspace\myAtlProject\org.xtext.example.myatl.parent\org.xtext.example.myatl.ui\pom.xml.
2018-02-08 15:40:35,361 [Worker-13] INFO  o.e.m.c.i.l.LifecycleMappingFactory - Using DEFAULT lifecycle mapping for MavenProject: org.xtext.example.myatl:org.xtext.example.myatl.ui.tests:1.0.0-SNAPSHOT @ C:\Users\claudio\workspace\myAtlProject\org.xtext.example.myatl.parent\org.xtext.example.myatl.ui.tests\pom.xml.
2018-02-08 15:41:54,555 [Worker-24] INFO  o.e.m.c.i.l.LifecycleMappingFactory - Using org.maven.ide.eclipse.wtp.WarLifecycleMapping lifecycle mapping for MavenProject: org.xtext.example.myatl:org.xtext.example.myatl.web:1.0.0-SNAPSHOT @ C:\Users\claudio\workspace\myAtlProject\org.xtext.example.myatl.parent\org.xtext.example.myatl.web\pom.xml.
2018-02-08 15:41:56,202 [Worker-24] INFO  o.e.m.w.i.f.ResourceFilteringBuildParticipant - Changed resources require a complete clean of filtered resources of org.xtext.example.myatl.web
2018-02-08 15:41:56,203 [Worker-24] INFO  o.e.m.w.i.f.ResourceFilteringBuildParticipant - Executing resource filtering for org.xtext.example.myatl.web
2018-02-08 15:41:56,211 [Worker-24] WARN  o.e.m.c.i.embedder.EclipseLogger - The POM for org.eclipse.jetty:jetty-maven-plugin:jar:9.2.13.v20150730 is missing, no dependency information available
2018-02-08 15:41:56,217 [Worker-24] WARN  o.e.m.c.i.embedder.EclipseLogger - Failed to retrieve plugin descriptor for org.eclipse.jetty:jetty-maven-plugin:9.2.13.v20150730: Plugin org.eclipse.jetty:jetty-maven-plugin:9.2.13.v20150730 or one of its dependencies could not be resolved: Cannot access central (https://repo.maven.apache.org/maven2) in offline mode and the artifact org.eclipse.jetty:jetty-maven-plugin:jar:9.2.13.v20150730 has not been downloaded from it before.
2018-02-08 15:41:57,232 [Worker-24] WARN  o.e.m.c.i.embedder.EclipseLogger - The POM for org.eclipse.jetty:jetty-maven-plugin:jar:9.2.13.v20150730 is missing, no dependency information available
2018-02-08 15:41:57,234 [Worker-24] WARN  o.e.m.c.i.embedder.EclipseLogger - Failed to retrieve plugin descriptor for org.eclipse.jetty:jetty-maven-plugin:9.2.13.v20150730: Plugin org.eclipse.jetty:jetty-maven-plugin:9.2.13.v20150730 or one of its dependencies could not be resolved: Cannot access central (https://repo.maven.apache.org/maven2) in offline mode and the artifact org.eclipse.jetty:jetty-maven-plugin:jar:9.2.13.v20150730 has not been downloaded from it before.
2018-02-08 15:41:59,143 [Worker-24] INFO  o.e.m.c.i.embedder.EclipseLogger - Using 'windows-1252' encoding to copy filtered resources.
2018-02-12 16:03:04,615 [Worker-18] INFO  o.e.m.c.i.p.ProjectConfigurationManager - Update started
2018-02-12 16:03:05,619 [Worker-18] INFO  o.e.m.c.i.l.LifecycleMappingFactory - Using NULL lifecycle mapping for MavenProject: org.xtext.example.myatl:org.xtext.example.myatl.parent:1.0.0-SNAPSHOT @ C:\Users\claudio\workspace\myAtlProject\org.xtext.example.myatl.parent\pom.xml.
2018-02-12 16:03:06,183 [Worker-18] INFO  o.e.m.c.i.l.LifecycleMappingFactory - Using DEFAULT lifecycle mapping for MavenProject: org.xtext.example.myatl:org.xtext.example.myatl:1.0.0-SNAPSHOT @ C:\Users\claudio\workspace\myAtlProject\org.xtext.example.myatl.parent\org.xtext.example.myatl\pom.xml.
2018-02-12 16:03:06,262 [Worker-18] INFO  o.e.m.c.i.l.LifecycleMappingFactory - Using DEFAULT lifecycle mapping for MavenProject: org.xtext.example.myatl:org.xtext.example.myatl.ide:1.0.0-SNAPSHOT @ C:\Users\claudio\workspace\myAtlProject\org.xtext.example.myatl.parent\org.xtext.example.myatl.ide\pom.xml.
2018-02-12 16:03:06,291 [Worker-18] INFO  o.e.m.c.i.l.LifecycleMappingFactory - Using DEFAULT lifecycle mapping for MavenProject: org.xtext.example.myatl:org.xtext.example.myatl.target:1.0.0-SNAPSHOT @ C:\Users\claudio\workspace\myAtlProject\org.xtext.example.myatl.parent\org.xtext.example.myatl.target\pom.xml.
2018-02-12 16:03:06,389 [Worker-18] INFO  o.e.m.c.i.l.LifecycleMappingFactory - Using DEFAULT lifecycle mapping for MavenProject: org.xtext.example.myatl:org.xtext.example.myatl.tests:1.0.0-SNAPSHOT @ C:\Users\claudio\workspace\myAtlProject\org.xtext.example.myatl.parent\org.xtext.example.myatl.tests\pom.xml.
2018-02-12 16:03:06,468 [Worker-18] INFO  o.e.m.c.i.l.LifecycleMappingFactory - Using DEFAULT lifecycle mapping for MavenProject: org.xtext.example.myatl:org.xtext.example.myatl.ui:1.0.0-SNAPSHOT @ C:\Users\claudio\workspace\myAtlProject\org.xtext.example.myatl.parent\org.xtext.example.myatl.ui\pom.xml.
2018-02-12 16:03:06,536 [Worker-18] INFO  o.e.m.c.i.l.LifecycleMappingFactory - Using DEFAULT lifecycle mapping for MavenProject: org.xtext.example.myatl:org.xtext.example.myatl.ui.tests:1.0.0-SNAPSHOT @ C:\Users\claudio\workspace\myAtlProject\org.xtext.example.myatl.parent\org.xtext.example.myatl.ui.tests\pom.xml.
2018-02-12 16:03:08,564 [Worker-18] INFO  o.e.m.c.i.l.LifecycleMappingFactory - Using org.maven.ide.eclipse.wtp.WarLifecycleMapping lifecycle mapping for MavenProject: org.xtext.example.myatl:org.xtext.example.myatl.web:1.0.0-SNAPSHOT @ C:\Users\claudio\workspace\myAtlProject\org.xtext.example.myatl.parent\org.xtext.example.myatl.web\pom.xml.
2018-02-12 16:03:11,327 [Worker-18] INFO  o.e.m.j.i.AbstractJavaProjectConfigurator - Adding source folder /org.xtext.example.myatl.web/src
2018-02-12 16:03:11,328 [Worker-18] INFO  o.e.m.j.i.AbstractJavaProjectConfigurator - Resources folder /org.xtext.example.myatl.web/src overlaps with sources folder /org.xtext.example.myatl.web/src
2018-02-12 16:03:11,329 [Worker-18] INFO  o.e.m.j.i.AbstractJavaProjectConfigurator - Not adding source folder /org.xtext.example.myatl.web/src/test/java because it overlaps with /org.xtext.example.myatl.web/src
2018-02-12 16:03:15,966 [Worker-18] INFO  o.e.m.w.i.f.ResourceFilteringBuildParticipant - Cleaning filtered folder for org.xtext.example.myatl.web
2018-02-12 16:03:16,010 [Worker-18] INFO  o.e.m.c.i.p.ProjectConfigurationManager - Update completed: 11 sec
2018-02-12 16:03:38,254 [Worker-2] INFO  o.e.m.w.i.f.ResourceFilteringBuildParticipant - Changed resources require a complete clean of filtered resources of org.xtext.example.myatl.web
2018-02-12 16:03:38,256 [Worker-2] INFO  o.e.m.w.i.f.ResourceFilteringBuildParticipant - Executing resource filtering for org.xtext.example.myatl.web
2018-02-12 16:03:38,266 [Worker-2] WARN  o.e.m.c.i.embedder.EclipseLogger - The POM for org.eclipse.jetty:jetty-maven-plugin:jar:9.2.13.v20150730 is missing, no dependency information available
2018-02-12 16:03:38,300 [Worker-2] WARN  o.e.m.c.i.embedder.EclipseLogger - Failed to retrieve plugin descriptor for org.eclipse.jetty:jetty-maven-plugin:9.2.13.v20150730: Plugin org.eclipse.jetty:jetty-maven-plugin:9.2.13.v20150730 or one of its dependencies could not be resolved: Cannot access central (https://repo.maven.apache.org/maven2) in offline mode and the artifact org.eclipse.jetty:jetty-maven-plugin:jar:9.2.13.v20150730 has not been downloaded from it before.
2018-02-12 16:03:38,371 [Worker-2] WARN  o.e.m.c.i.embedder.EclipseLogger - The POM for org.eclipse.jetty:jetty-maven-plugin:jar:9.2.13.v20150730 is missing, no dependency information available
2018-02-12 16:03:38,372 [Worker-2] WARN  o.e.m.c.i.embedder.EclipseLogger - Failed to retrieve plugin descriptor for org.eclipse.jetty:jetty-maven-plugin:9.2.13.v20150730: Plugin org.eclipse.jetty:jetty-maven-plugin:9.2.13.v20150730 or one of its dependencies could not be resolved: Cannot access central (https://repo.maven.apache.org/maven2) in offline mode and the artifact org.eclipse.jetty:jetty-maven-plugin:jar:9.2.13.v20150730 has not been downloaded from it before.
2018-02-12 16:03:38,719 [Worker-2] INFO  o.e.m.c.i.embedder.EclipseLogger - Using 'windows-1252' encoding to copy filtered resources.
