2017-12-29 09:42:39,557 [Worker-11] INFO  o.e.m.c.i.l.LifecycleMappingFactory - Using DEFAULT lifecycle mapping for MavenProject: org.xtext.example.myatl:org.xtext.example.myatl:1.0.0-SNAPSHOT @ C:\Users\claudio\workspace\myAtl_2\org.xtext.example.myatl.parent\org.xtext.example.myatl\pom.xml.
2017-12-29 09:42:39,557 [Worker-14] INFO  o.e.m.c.i.l.LifecycleMappingFactory - Using DEFAULT lifecycle mapping for MavenProject: org.xtext.example.myatl:org.xtext.example.myatl:1.0.0-SNAPSHOT @ C:\Users\claudio\workspace\myAtl_2\org.xtext.example.myatl.parent\org.xtext.example.myatl\pom.xml.
2017-12-29 09:42:41,246 [Worker-12] INFO  o.e.m.c.i.l.LifecycleMappingFactory - Using DEFAULT lifecycle mapping for MavenProject: org.xtext.example.myatl:org.xtext.example.myatl:1.0.0-SNAPSHOT @ C:\Users\claudio\workspace\myAtl_2\org.xtext.example.myatl.parent\org.xtext.example.myatl\pom.xml.
2017-12-29 09:42:41,472 [Worker-12] INFO  o.e.m.c.i.l.LifecycleMappingFactory - Using DEFAULT lifecycle mapping for MavenProject: org.xtext.example.myatl:org.xtext.example.myatl.ide:1.0.0-SNAPSHOT @ C:\Users\claudio\workspace\myAtl_2\org.xtext.example.myatl.parent\org.xtext.example.myatl.ide\pom.xml.
2017-12-29 09:42:41,480 [Worker-12] INFO  o.e.m.c.i.l.LifecycleMappingFactory - Using NULL lifecycle mapping for MavenProject: org.xtext.example.myatl:org.xtext.example.myatl.parent:1.0.0-SNAPSHOT @ C:\Users\claudio\workspace\myAtl_2\org.xtext.example.myatl.parent\pom.xml.
2017-12-29 09:42:41,602 [Worker-12] INFO  o.e.m.c.i.l.LifecycleMappingFactory - Using DEFAULT lifecycle mapping for MavenProject: org.xtext.example.myatl:org.xtext.example.myatl.ui:1.0.0-SNAPSHOT @ C:\Users\claudio\workspace\myAtl_2\org.xtext.example.myatl.parent\org.xtext.example.myatl.ui\pom.xml.
2017-12-29 09:42:43,936 [Worker-12] INFO  o.e.m.c.i.l.LifecycleMappingFactory - Using org.maven.ide.eclipse.wtp.WarLifecycleMapping lifecycle mapping for MavenProject: org.xtext.example.myatl:org.xtext.example.myatl.web:1.0.0-SNAPSHOT @ C:\Users\claudio\workspace\myAtl_2\org.xtext.example.myatl.parent\org.xtext.example.myatl.web\pom.xml.
2017-12-29 09:42:48,265 [Worker-4] INFO  o.e.m.c.i.l.LifecycleMappingFactory - Using DEFAULT lifecycle mapping for MavenProject: org.xtext.example.myatl:org.xtext.example.myatl.target:1.0.0-SNAPSHOT @ C:\Users\claudio\workspace\myAtl_2\org.xtext.example.myatl.parent\org.xtext.example.myatl.target\pom.xml.
2017-12-29 09:42:48,781 [Worker-4] INFO  o.e.m.c.i.l.LifecycleMappingFactory - Using DEFAULT lifecycle mapping for MavenProject: org.xtext.example.myatl:org.xtext.example.myatl.tests:1.0.0-SNAPSHOT @ C:\Users\claudio\workspace\myAtl_2\org.xtext.example.myatl.parent\org.xtext.example.myatl.tests\pom.xml.
2017-12-29 09:42:54,016 [Worker-4] INFO  o.e.m.c.i.l.LifecycleMappingFactory - Using DEFAULT lifecycle mapping for MavenProject: org.xtext.example.myatl:org.xtext.example.myatl.ui.tests:1.0.0-SNAPSHOT @ C:\Users\claudio\workspace\myAtl_2\org.xtext.example.myatl.parent\org.xtext.example.myatl.ui.tests\pom.xml.
2018-01-25 09:21:51,657 [Worker-9] INFO  o.e.m.c.i.p.ProjectConfigurationManager - Update started
2018-01-25 09:21:57,345 [Worker-9] INFO  o.e.m.c.i.l.LifecycleMappingFactory - Using NULL lifecycle mapping for MavenProject: org.xtext.example.myatl:org.xtext.example.myatl.parent:1.0.0-SNAPSHOT @ C:\Users\claudio\workspace\myAtl_2\org.xtext.example.myatl.parent\pom.xml.
2018-01-25 09:21:57,986 [Worker-9] INFO  o.e.m.c.i.l.LifecycleMappingFactory - Using DEFAULT lifecycle mapping for MavenProject: org.xtext.example.myatl:org.xtext.example.myatl:1.0.0-SNAPSHOT @ C:\Users\claudio\workspace\myAtl_2\org.xtext.example.myatl.parent\org.xtext.example.myatl\pom.xml.
2018-01-25 09:21:58,080 [Worker-9] INFO  o.e.m.c.i.l.LifecycleMappingFactory - Using DEFAULT lifecycle mapping for MavenProject: org.xtext.example.myatl:org.xtext.example.myatl.ide:1.0.0-SNAPSHOT @ C:\Users\claudio\workspace\myAtl_2\org.xtext.example.myatl.parent\org.xtext.example.myatl.ide\pom.xml.
2018-01-25 09:21:58,111 [Worker-9] INFO  o.e.m.c.i.l.LifecycleMappingFactory - Using DEFAULT lifecycle mapping for MavenProject: org.xtext.example.myatl:org.xtext.example.myatl.target:1.0.0-SNAPSHOT @ C:\Users\claudio\workspace\myAtl_2\org.xtext.example.myatl.parent\org.xtext.example.myatl.target\pom.xml.
2018-01-25 09:21:58,267 [Worker-9] INFO  o.e.m.c.i.l.LifecycleMappingFactory - Using DEFAULT lifecycle mapping for MavenProject: org.xtext.example.myatl:org.xtext.example.myatl.tests:1.0.0-SNAPSHOT @ C:\Users\claudio\workspace\myAtl_2\org.xtext.example.myatl.parent\org.xtext.example.myatl.tests\pom.xml.
2018-01-25 09:21:58,345 [Worker-9] INFO  o.e.m.c.i.l.LifecycleMappingFactory - Using DEFAULT lifecycle mapping for MavenProject: org.xtext.example.myatl:org.xtext.example.myatl.ui:1.0.0-SNAPSHOT @ C:\Users\claudio\workspace\myAtl_2\org.xtext.example.myatl.parent\org.xtext.example.myatl.ui\pom.xml.
2018-01-25 09:21:58,408 [Worker-9] INFO  o.e.m.c.i.l.LifecycleMappingFactory - Using DEFAULT lifecycle mapping for MavenProject: org.xtext.example.myatl:org.xtext.example.myatl.ui.tests:1.0.0-SNAPSHOT @ C:\Users\claudio\workspace\myAtl_2\org.xtext.example.myatl.parent\org.xtext.example.myatl.ui.tests\pom.xml.
2018-01-25 09:22:02,252 [Worker-9] INFO  o.e.m.c.i.l.LifecycleMappingFactory - Using org.maven.ide.eclipse.wtp.WarLifecycleMapping lifecycle mapping for MavenProject: org.xtext.example.myatl:org.xtext.example.myatl.web:1.0.0-SNAPSHOT @ C:\Users\claudio\workspace\myAtl_2\org.xtext.example.myatl.parent\org.xtext.example.myatl.web\pom.xml.
2018-01-25 09:22:10,127 [Worker-9] INFO  o.e.m.j.i.AbstractJavaProjectConfigurator - Adding source folder /org.xtext.example.myatl.web/src
2018-01-25 09:22:10,127 [Worker-9] INFO  o.e.m.j.i.AbstractJavaProjectConfigurator - Resources folder /org.xtext.example.myatl.web/src overlaps with sources folder /org.xtext.example.myatl.web/src
2018-01-25 09:22:10,127 [Worker-9] INFO  o.e.m.j.i.AbstractJavaProjectConfigurator - Not adding source folder /org.xtext.example.myatl.web/src/test/java because it overlaps with /org.xtext.example.myatl.web/src
2018-01-25 09:22:23,159 [Worker-9] INFO  o.e.m.w.i.f.ResourceFilteringBuildParticipant - Cleaning filtered folder for org.xtext.example.myatl.web
2018-01-25 09:22:23,222 [Worker-9] INFO  o.e.m.c.i.p.ProjectConfigurationManager - Update completed: 31 sec
2018-01-25 09:22:49,676 [Worker-10] INFO  o.e.m.w.i.f.ResourceFilteringBuildParticipant - Changed resources require a complete clean of filtered resources of org.xtext.example.myatl.web
2018-01-25 09:22:49,676 [Worker-10] INFO  o.e.m.w.i.f.ResourceFilteringBuildParticipant - Executing resource filtering for org.xtext.example.myatl.web
2018-01-25 09:22:49,676 [Worker-10] WARN  o.e.m.c.i.embedder.EclipseLogger - The POM for org.eclipse.jetty:jetty-maven-plugin:jar:9.2.13.v20150730 is missing, no dependency information available
2018-01-25 09:22:49,692 [Worker-10] WARN  o.e.m.c.i.embedder.EclipseLogger - Failed to retrieve plugin descriptor for org.eclipse.jetty:jetty-maven-plugin:9.2.13.v20150730: Plugin org.eclipse.jetty:jetty-maven-plugin:9.2.13.v20150730 or one of its dependencies could not be resolved: Cannot access central (https://repo.maven.apache.org/maven2) in offline mode and the artifact org.eclipse.jetty:jetty-maven-plugin:jar:9.2.13.v20150730 has not been downloaded from it before.
2018-01-25 09:22:49,832 [Worker-10] WARN  o.e.m.c.i.embedder.EclipseLogger - The POM for org.eclipse.jetty:jetty-maven-plugin:jar:9.2.13.v20150730 is missing, no dependency information available
2018-01-25 09:22:49,832 [Worker-10] WARN  o.e.m.c.i.embedder.EclipseLogger - Failed to retrieve plugin descriptor for org.eclipse.jetty:jetty-maven-plugin:9.2.13.v20150730: Plugin org.eclipse.jetty:jetty-maven-plugin:9.2.13.v20150730 or one of its dependencies could not be resolved: Cannot access central (https://repo.maven.apache.org/maven2) in offline mode and the artifact org.eclipse.jetty:jetty-maven-plugin:jar:9.2.13.v20150730 has not been downloaded from it before.
2018-01-25 09:22:49,863 [Worker-10] INFO  o.e.m.c.i.embedder.EclipseLogger - Using 'windows-1252' encoding to copy filtered resources.
2018-02-01 17:44:14,472 [Worker-19] INFO  o.e.m.c.i.l.LifecycleMappingFactory - Using org.maven.ide.eclipse.wtp.WarLifecycleMapping lifecycle mapping for MavenProject: org.xtext.example.myatl:org.xtext.example.myatl.web:1.0.0-SNAPSHOT @ C:\Users\claudio\workspace\myAtl_2\org.xtext.example.myatl.parent\org.xtext.example.myatl.web\pom.xml.
2018-02-01 17:44:18,898 [Worker-19] WARN  o.e.m.c.i.embedder.EclipseLogger - The POM for org.xtext.example.myatl:org.xtext.example.myatl:jar:1.0.0-SNAPSHOT is missing, no dependency information available
2018-02-01 17:44:18,929 [Worker-19] WARN  o.e.m.c.i.embedder.EclipseLogger - The POM for org.xtext.example.myatl:org.xtext.example.myatl.ide:jar:1.0.0-SNAPSHOT is missing, no dependency information available
2018-02-01 17:44:22,014 [Worker-19] INFO  o.e.m.c.i.l.LifecycleMappingFactory - Using org.maven.ide.eclipse.wtp.WarLifecycleMapping lifecycle mapping for MavenProject: org.xtext.example.myatl:org.xtext.example.myatl.web:1.0.0-SNAPSHOT @ C:\Users\claudio\workspace\myAtl_2\org.xtext.example.myatl.parent\org.xtext.example.myatl.web\pom.xml.
2018-02-01 17:44:24,171 [Worker-19] INFO  o.e.m.c.i.l.LifecycleMappingFactory - Using org.maven.ide.eclipse.wtp.WarLifecycleMapping lifecycle mapping for MavenProject: org.xtext.example.myatl:org.xtext.example.myatl.web:1.0.0-SNAPSHOT @ C:\Users\claudio\workspace\myAtl_2\org.xtext.example.myatl.parent\org.xtext.example.myatl.web\pom.xml.
2018-02-01 17:44:24,712 [Worker-19] WARN  o.e.m.c.i.embedder.EclipseLogger - The POM for org.xtext.example.myatl:org.xtext.example.myatl:jar:1.0.0-SNAPSHOT is missing, no dependency information available
2018-02-01 17:44:24,714 [Worker-19] WARN  o.e.m.c.i.embedder.EclipseLogger - The POM for org.xtext.example.myatl:org.xtext.example.myatl.ide:jar:1.0.0-SNAPSHOT is missing, no dependency information available
2018-02-01 17:44:28,452 [Worker-26] WARN  o.e.m.c.i.embedder.EclipseLogger - The POM for org.xtext.example.myatl:org.xtext.example.myatl:jar:1.0.0-SNAPSHOT is missing, no dependency information available
2018-02-01 17:44:28,455 [Worker-26] WARN  o.e.m.c.i.embedder.EclipseLogger - The POM for org.xtext.example.myatl:org.xtext.example.myatl.ide:jar:1.0.0-SNAPSHOT is missing, no dependency information available
2018-02-01 17:45:05,903 [Worker-2] INFO  o.e.m.c.i.l.LifecycleMappingFactory - Using DEFAULT lifecycle mapping for MavenProject: org.xtext.example.myatl:org.xtext.example.myatl:1.0.0-SNAPSHOT @ C:\Users\claudio\workspace\myAtl_2\org.xtext.example.myatl.parent\org.xtext.example.myatl\pom.xml.
2018-02-01 17:45:06,016 [Worker-2] INFO  o.e.m.c.i.l.LifecycleMappingFactory - Using org.maven.ide.eclipse.wtp.WarLifecycleMapping lifecycle mapping for MavenProject: org.xtext.example.myatl:org.xtext.example.myatl.web:1.0.0-SNAPSHOT @ C:\Users\claudio\workspace\myAtl_2\org.xtext.example.myatl.parent\org.xtext.example.myatl.web\pom.xml.
2018-02-01 17:45:06,045 [Worker-2] WARN  o.e.m.c.i.embedder.EclipseLogger - The POM for org.xtext.example.myatl:org.xtext.example.myatl.ide:jar:1.0.0-SNAPSHOT is missing, no dependency information available
2018-02-01 17:45:12,559 [Worker-2] WARN  o.e.m.c.i.embedder.EclipseLogger - The POM for org.xtext.example.myatl:org.xtext.example.myatl.ide:jar:1.0.0-SNAPSHOT is missing, no dependency information available
2018-02-01 17:45:19,347 [Worker-33] WARN  o.e.m.c.i.embedder.EclipseLogger - The POM for org.xtext.example.myatl:org.xtext.example.myatl.ide:jar:1.0.0-SNAPSHOT is missing, no dependency information available
2018-02-01 17:45:21,314 [Worker-31] INFO  o.e.m.c.i.l.LifecycleMappingFactory - Using DEFAULT lifecycle mapping for MavenProject: org.xtext.example.myatl:org.xtext.example.myatl.ide:1.0.0-SNAPSHOT @ C:\Users\claudio\workspace\myAtl_2\org.xtext.example.myatl.parent\org.xtext.example.myatl.ide\pom.xml.
2018-02-01 17:45:21,531 [Worker-31] INFO  o.e.m.c.i.l.LifecycleMappingFactory - Using org.maven.ide.eclipse.wtp.WarLifecycleMapping lifecycle mapping for MavenProject: org.xtext.example.myatl:org.xtext.example.myatl.web:1.0.0-SNAPSHOT @ C:\Users\claudio\workspace\myAtl_2\org.xtext.example.myatl.parent\org.xtext.example.myatl.web\pom.xml.
2018-02-01 17:45:21,999 [Worker-28] INFO  o.e.m.c.i.l.LifecycleMappingFactory - Using DEFAULT lifecycle mapping for MavenProject: org.xtext.example.myatl:org.xtext.example.myatl.ide:1.0.0-SNAPSHOT @ C:\Users\claudio\workspace\myAtl_2\org.xtext.example.myatl.parent\org.xtext.example.myatl.ide\pom.xml.
2018-02-01 17:45:22,063 [Worker-28] INFO  o.e.m.c.i.l.LifecycleMappingFactory - Using org.maven.ide.eclipse.wtp.WarLifecycleMapping lifecycle mapping for MavenProject: org.xtext.example.myatl:org.xtext.example.myatl.web:1.0.0-SNAPSHOT @ C:\Users\claudio\workspace\myAtl_2\org.xtext.example.myatl.parent\org.xtext.example.myatl.web\pom.xml.
2018-02-01 17:45:24,698 [Worker-29] INFO  o.e.m.c.i.l.LifecycleMappingFactory - Using DEFAULT lifecycle mapping for MavenProject: org.xtext.example.myatl:org.xtext.example.myatl.ide:1.0.0-SNAPSHOT @ C:\Users\claudio\workspace\myAtl_2\org.xtext.example.myatl.parent\org.xtext.example.myatl.ide\pom.xml.
2018-02-01 17:54:02,466 [Worker-28] INFO  o.e.m.c.i.l.LifecycleMappingFactory - Using NULL lifecycle mapping for MavenProject: org.xtext.example.myatl:org.xtext.example.myatl.parent:1.0.0-SNAPSHOT @ C:\Users\claudio\workspace\myAtl_2\org.xtext.example.myatl.parent\pom.xml.
2018-02-01 17:54:02,626 [Worker-28] INFO  o.e.m.c.i.l.LifecycleMappingFactory - Using DEFAULT lifecycle mapping for MavenProject: org.xtext.example.myatl:org.xtext.example.myatl:1.0.0-SNAPSHOT @ C:\Users\claudio\workspace\myAtl_2\org.xtext.example.myatl.parent\org.xtext.example.myatl\pom.xml.
2018-02-01 17:54:03,362 [Worker-28] INFO  o.e.m.c.i.l.LifecycleMappingFactory - Using org.maven.ide.eclipse.wtp.WarLifecycleMapping lifecycle mapping for MavenProject: org.xtext.example.myatl:org.xtext.example.myatl.web:1.0.0-SNAPSHOT @ C:\Users\claudio\workspace\myAtl_2\org.xtext.example.myatl.parent\org.xtext.example.myatl.web\pom.xml.
2018-02-01 17:54:03,760 [Worker-28] INFO  o.e.m.c.i.l.LifecycleMappingFactory - Using DEFAULT lifecycle mapping for MavenProject: org.xtext.example.myatl:org.xtext.example.myatl.ide:1.0.0-SNAPSHOT @ C:\Users\claudio\workspace\myAtl_2\org.xtext.example.myatl.parent\org.xtext.example.myatl.ide\pom.xml.
2018-02-01 17:54:42,398 [Worker-35] INFO  o.e.m.c.i.l.LifecycleMappingFactory - Using org.maven.ide.eclipse.wtp.WarLifecycleMapping lifecycle mapping for MavenProject: org.xtext.example.myatl:org.xtext.example.myatl.web:1.0.0-SNAPSHOT @ C:\Users\claudio\workspace\myAtl_2\org.xtext.example.myatl.parent\org.xtext.example.myatl.web\pom.xml.
2018-02-01 17:54:42,816 [Worker-35] INFO  o.e.m.c.i.l.LifecycleMappingFactory - Using DEFAULT lifecycle mapping for MavenProject: org.xtext.example.myatl:org.xtext.example.myatl.ide:1.0.0-SNAPSHOT @ C:\Users\claudio\workspace\myAtl_2\org.xtext.example.myatl.parent\org.xtext.example.myatl.ide\pom.xml.
2018-02-01 17:54:42,881 [Worker-35] INFO  o.e.m.c.i.l.LifecycleMappingFactory - Using DEFAULT lifecycle mapping for MavenProject: org.xtext.example.myatl:org.xtext.example.myatl:1.0.0-SNAPSHOT @ C:\Users\claudio\workspace\myAtl_2\org.xtext.example.myatl.parent\org.xtext.example.myatl\pom.xml.
2018-02-01 17:56:38,789 [Worker-33] INFO  o.e.m.c.i.l.LifecycleMappingFactory - Using org.maven.ide.eclipse.wtp.WarLifecycleMapping lifecycle mapping for MavenProject: org.xtext.example.myatl:org.xtext.example.myatl.web:1.0.0-SNAPSHOT @ C:\Users\claudio\workspace\myAtl_2\org.xtext.example.myatl.parent\org.xtext.example.myatl.web\pom.xml.
2018-02-01 17:56:38,792 [Worker-33] WARN  o.e.m.c.i.embedder.EclipseLogger - The POM for org.xtext.example.myatl:org.xtext.example.myatl:jar:1.0.0-SNAPSHOT is missing, no dependency information available
2018-02-01 17:56:38,795 [Worker-33] WARN  o.e.m.c.i.embedder.EclipseLogger - The POM for org.xtext.example.myatl:org.xtext.example.myatl.ide:jar:1.0.0-SNAPSHOT is missing, no dependency information available
2018-02-01 17:56:39,436 [Worker-33] INFO  o.e.m.c.i.l.LifecycleMappingFactory - Using org.maven.ide.eclipse.wtp.WarLifecycleMapping lifecycle mapping for MavenProject: org.xtext.example.myatl:org.xtext.example.myatl.web:1.0.0-SNAPSHOT @ C:\Users\claudio\workspace\myAtl_2\org.xtext.example.myatl.parent\org.xtext.example.myatl.web\pom.xml.
2018-02-01 17:56:39,598 [Worker-33] WARN  o.e.m.c.i.embedder.EclipseLogger - The POM for org.xtext.example.myatl:org.xtext.example.myatl:jar:1.0.0-SNAPSHOT is missing, no dependency information available
2018-02-01 17:56:39,600 [Worker-33] WARN  o.e.m.c.i.embedder.EclipseLogger - The POM for org.xtext.example.myatl:org.xtext.example.myatl.ide:jar:1.0.0-SNAPSHOT is missing, no dependency information available
2018-02-01 17:56:42,997 [Worker-41] WARN  o.e.m.c.i.embedder.EclipseLogger - The POM for org.xtext.example.myatl:org.xtext.example.myatl:jar:1.0.0-SNAPSHOT is missing, no dependency information available
2018-02-01 17:56:42,999 [Worker-41] WARN  o.e.m.c.i.embedder.EclipseLogger - The POM for org.xtext.example.myatl:org.xtext.example.myatl.ide:jar:1.0.0-SNAPSHOT is missing, no dependency information available
2018-02-01 17:57:39,857 [Worker-37] INFO  o.e.m.c.i.l.LifecycleMappingFactory - Using DEFAULT lifecycle mapping for MavenProject: org.xtext.example.myatl:org.xtext.example.myatl.ide:1.0.0-SNAPSHOT @ C:\Users\claudio\workspace\myAtl_2\org.xtext.example.myatl.parent\org.xtext.example.myatl.ide\pom.xml.
2018-02-01 17:57:40,273 [Worker-37] INFO  o.e.m.c.i.l.LifecycleMappingFactory - Using org.maven.ide.eclipse.wtp.WarLifecycleMapping lifecycle mapping for MavenProject: org.xtext.example.myatl:org.xtext.example.myatl.web:1.0.0-SNAPSHOT @ C:\Users\claudio\workspace\myAtl_2\org.xtext.example.myatl.parent\org.xtext.example.myatl.web\pom.xml.
2018-02-01 17:57:40,275 [Worker-37] WARN  o.e.m.c.i.embedder.EclipseLogger - The POM for org.xtext.example.myatl:org.xtext.example.myatl:jar:1.0.0-SNAPSHOT is missing, no dependency information available
2018-02-01 17:58:04,175 [Worker-37] WARN  o.e.m.c.i.embedder.EclipseLogger - The POM for org.xtext.example.myatl:org.xtext.example.myatl:jar:1.0.0-SNAPSHOT is missing, no dependency information available
2018-02-01 17:58:09,761 [Worker-40] WARN  o.e.m.c.i.embedder.EclipseLogger - The POM for org.xtext.example.myatl:org.xtext.example.myatl:jar:1.0.0-SNAPSHOT is missing, no dependency information available
2018-02-01 18:00:59,005 [Worker-42] INFO  o.e.m.c.i.l.LifecycleMappingFactory - Using DEFAULT lifecycle mapping for MavenProject: org.xtext.example.myatl:org.xtext.example.myatl:1.0.0-SNAPSHOT @ C:\Users\claudio\workspace\myAtl_2\org.xtext.example.myatl.parent\org.xtext.example.myatl\pom.xml.
2018-02-01 18:00:59,491 [Worker-42] INFO  o.e.m.c.i.l.LifecycleMappingFactory - Using org.maven.ide.eclipse.wtp.WarLifecycleMapping lifecycle mapping for MavenProject: org.xtext.example.myatl:org.xtext.example.myatl.web:1.0.0-SNAPSHOT @ C:\Users\claudio\workspace\myAtl_2\org.xtext.example.myatl.parent\org.xtext.example.myatl.web\pom.xml.
2018-02-01 18:01:59,501 [Worker-46] INFO  o.e.m.c.i.e.AbstractTransferListenerAdapter - Downloading https://repo.maven.apache.org/maven2/org/eclipse/xtext/org.eclipse.xtext.web.servlet/2.12.0/org.eclipse.xtext.web.servlet-2.12.0-sources.jar
2018-02-01 18:01:59,699 [Worker-46] INFO  o.e.m.c.i.e.AbstractTransferListenerAdapter - Downloaded https://repo.maven.apache.org/maven2/org/eclipse/xtext/org.eclipse.xtext.web.servlet/2.12.0/org.eclipse.xtext.web.servlet-2.12.0-sources.jar
2018-02-01 18:02:00,315 [Worker-46] INFO  o.e.m.j.internal.DownloadSourcesJob - Downloaded sources for org.eclipse.xtext:org.eclipse.xtext.web.servlet:2.12.0
2018-02-01 18:02:57,034 [Worker-46] INFO  o.e.m.c.i.e.AbstractTransferListenerAdapter - Downloading https://repo.maven.apache.org/maven2/javax/servlet/javax.servlet-api/3.1.0/javax.servlet-api-3.1.0-sources.jar
2018-02-01 18:02:57,329 [Worker-46] INFO  o.e.m.c.i.e.AbstractTransferListenerAdapter - Downloaded https://repo.maven.apache.org/maven2/javax/servlet/javax.servlet-api/3.1.0/javax.servlet-api-3.1.0-sources.jar
2018-02-01 18:02:58,086 [Worker-46] INFO  o.e.m.j.internal.DownloadSourcesJob - Downloaded sources for javax.servlet:javax.servlet-api:3.1.0
2018-02-01 18:03:27,296 [Worker-38] INFO  o.e.m.c.i.e.AbstractTransferListenerAdapter - Downloading https://repo.maven.apache.org/maven2/org/eclipse/xtext/org.eclipse.xtext.web/2.12.0/org.eclipse.xtext.web-2.12.0-sources.jar
2018-02-01 18:03:27,648 [Worker-38] INFO  o.e.m.c.i.e.AbstractTransferListenerAdapter - Downloaded https://repo.maven.apache.org/maven2/org/eclipse/xtext/org.eclipse.xtext.web/2.12.0/org.eclipse.xtext.web-2.12.0-sources.jar
2018-02-01 18:03:27,954 [Worker-38] INFO  o.e.m.j.internal.DownloadSourcesJob - Downloaded sources for org.eclipse.xtext:org.eclipse.xtext.web:2.12.0
